<?xml version="1.0" encoding="UTF-8"?>
<!-- Generated by org.testng.reporters.JUnitXMLReporter -->
<testsuite ignored="0" hostname="LAPTOP-ODMH23SS" failures="0" tests="11" name="Default test" time="36.157" errors="0" timestamp="2024-10-23T23:10:04 IST">
  <testcase classname="TestCases.Checkout_Complete_test" name="verifyBackProductBtntest" time="0.061"/>
  <testcase classname="TestCases.Checkout_Complete_test" name="verifyCartBtntest" time="0.049"/>
  <testcase classname="TestCases.Checkout_Complete_test" name="verifyCheckouttxttest" time="0.021"/>
  <testcase classname="TestCases.Checkout_Complete_test" name="verifyCompleteLogotest" time="0.037"/>
  <testcase classname="TestCases.Checkout_Complete_test" name="verifyDispatchedtxttest" time="0.023"/>
  <testcase classname="TestCases.Checkout_Complete_test" name="verifySwagLabsLogotest" time="0.02"/>
  <testcase classname="TestCases.Checkout_Complete_test" name="verifyTextFootertest" time="0.029"/>
  <testcase classname="TestCases.Checkout_Complete_test" name="verifyThankYoutxttest" time="0.024"/>
  <testcase classname="TestCases.Checkout_Complete_test" name="verifylogoFacebooktest" time="0.108"/>
  <testcase classname="TestCases.Checkout_Complete_test" name="verifylogoLinkedintest" time="0.096"/>
  <testcase classname="TestCases.Checkout_Complete_test" name="verifylogoTwittertest" time="0.106"/>
</testsuite> <!-- Default test -->
