<?xml version="1.0" encoding="UTF-8"?>
<!-- Generated by org.testng.reporters.JUnitXMLReporter -->
<testsuite ignored="5" hostname="LAPTOP-ODMH23SS" failures="0" tests="19" name="Group_Test" time="104.315" errors="0" timestamp="2024-10-24T20:17:23 IST">
  <testcase classname="TestCases.Cart_Page_Test" name="CheckoutBtntest" time="1.811"/>
  <testcase classname="TestCases.Cart_Page_Test" name="QTYLabeltest" time="0.169"/>
  <testcase classname="TestCases.Cart_Page_Test" name="VerifyCartLabeltest" time="0.091"/>
  <testcase classname="TestCases.Cart_Page_Test" name="VerifyContinueshopingBtntest" time="0.159"/>
  <testcase classname="TestCases.Cart_Page_Test" name="VerifyRemovePrdcttest" time="0.11"/>
  <testcase classname="TestCases.Cart_Page_Test" name="descrlabeltest" time="0.083"/>
  <testcase classname="TestCases.Cart_Page_Test" name="verifyLogotest" time="0.066"/>
  <testcase classname="TestCases.Cart_Page_Test" name="verifyTextFootertest" time="0.104"/>
  <testcase classname="TestCases.Cart_Page_Test" name="verifylogoFtest" time="0.061"/>
  <testcase classname="TestCases.Cart_Page_Test" name="verifylogoTtest" time="0.059"/>
  <testcase classname="TestCases.CheckOutPage_Test" name="InputInfotest" time="0.399"/>
  <testcase classname="TestCases.CheckOutPage_Test" name="verifyCancleBtntest" time="0.166"/>
  <testcase classname="TestCases.CheckOutPage_Test" name="verifyLogotest" time="0.033"/>
  <testcase classname="TestCases.CheckOutPage_Test" name="verifychecklabeltest" time="0.04"/>
  <testcase classname="TestCases.InventoryPageTest" name="VerifyTwitterLogoTest" time="0.062"/>
  <testcase classname="TestCases.InventoryPageTest" name="add6products" time="1.302"/>
  <testcase classname="TestCases.InventoryPageTest" name="remove2products" time="1.4"/>
  <testcase classname="TestCases.InventoryPageTest" name="verifyLogotest" time="0.084"/>
  <testcase classname="TestCases.LoginTest" name="verifyURLOfApplication" time="0.095"/>
  <testcase classname="TestCases.LoginTest" name="verifyTitleOfApplication" time="0.0">
    <ignored/>
  </testcase> <!-- verifyTitleOfApplication -->
  <testcase classname="TestCases.LoginTest" name="verifyMulticredstest" time="0.0">
    <ignored/>
  </testcase> <!-- verifyMulticredstest -->
  <testcase classname="TestCases.Cart_Page_Test" name="verifylogoLTest" time="0.0">
    <ignored/>
  </testcase> <!-- verifylogoLTest -->
  <testcase classname="TestCases.LoginTest" name="loginToApplication" time="0.0">
    <ignored/>
  </testcase> <!-- loginToApplication -->
  <testcase classname="TestCases.InventoryPageTest" name="verifyTitleOfInventoryPageTest" time="0.0">
    <ignored/>
  </testcase> <!-- verifyTitleOfInventoryPageTest -->
</testsuite> <!-- Group_Test -->
